<?xml version="1.0" encoding="UTF-8"?>
<testng-results ignored="0" total="1" passed="1" failed="0" skipped="0">
  <reporter-output>
  </reporter-output>
  <suite started-at="2022-06-09T17:27:05 IST" name="Default suite" finished-at="2022-06-09T17:27:07 IST" duration-ms="1927">
    <groups>
    </groups>
    <test started-at="2022-06-09T17:27:05 IST" name="Default test" finished-at="2022-06-09T17:27:07 IST" duration-ms="1927">
      <class name="Imports.SumValidation">
        <test-method signature="Sumvalidation()[pri:0, instance:Imports.SumValidation@f2ff811]" started-at="2022-06-09T17:27:06 IST" name="Sumvalidation" finished-at="2022-06-09T17:27:07 IST" duration-ms="1887" status="PASS">
          <reporter-output>
          </reporter-output>
        </test-method> <!-- Sumvalidation -->
      </class> <!-- Imports.SumValidation -->
    </test> <!-- Default test -->
  </suite> <!-- Default suite -->
</testng-results>
